<?xml version="1.0" encoding="UTF-8"?>
<!-- Generated by org.testng.reporters.JUnitXMLReporter -->
<testsuite ignored="0" hostname="Manoj_G" failures="0" tests="3" name="Submit Order Test" time="41.858" errors="0" timestamp="2024-08-23T12:27:54 IST">
  <testcase classname="manoj.test.SubmitOrderTest" name="submitOrder" time="6.146"/>
  <testcase classname="manoj.test.SubmitOrderTest" name="submitOrder" time="17.723"/>
  <testcase classname="manoj.test.SubmitOrderTest" name="OrderHistory" time="1.014"/>
</testsuite> <!-- Submit Order Test -->
