<?xml version="1.0" encoding="UTF-8"?>
<!-- Generated by org.testng.reporters.JUnitXMLReporter -->
<testsuite ignored="0" hostname="Manoj_G" failures="0" tests="3" name="Submit Order Test" time="55.656" errors="0" timestamp="2024-08-27T16:16:03 IST">
  <testcase classname="manoj.test.SubmitOrderTest" name="submitOrder" time="19.136"/>
  <testcase classname="manoj.test.SubmitOrderTest" name="submitOrder" time="17.268"/>
  <testcase classname="manoj.test.SubmitOrderTest" name="OrderHistory" time="1.101"/>
</testsuite> <!-- Submit Order Test -->
